\BOOKMARK [1][-]{section.1}{\376\377\116\247\124\301\151\202\217\360}{}% 1
\BOOKMARK [2][-]{subsection.1.1}{\376\377\166\356\150\007\165\050\142\067}{section.1}% 2
\BOOKMARK [2][-]{subsection.1.2}{\376\377\165\050\142\067\165\333\160\271}{section.1}% 3
\BOOKMARK [2][-]{subsection.1.3}{\376\377\121\170\127\213\117\177\165\050\127\072\146\157}{section.1}% 4
\BOOKMARK [1][-]{section.2}{\376\377\150\070\137\303\122\237\200\375}{}% 5
\BOOKMARK [2][-]{subsection.2.1}{\376\377\133\371\213\335\137\017\150\041\126\355\116\373\122\241\121\145\123\343}{section.2}% 6
\BOOKMARK [2][-]{subsection.2.2}{\376\377\176\337\116\000\166\173\137\125\116\016\116\214\153\041\232\214\213\301}{section.2}% 7
\BOOKMARK [2][-]{subsection.2.3}{\376\377\150\041\126\355\200\375\122\233\166\356\137\125}{section.2}% 8
\BOOKMARK [2][-]{subsection.2.4}{\376\377\147\345\213\342\174\173\135\345\121\167}{section.2}% 9
\BOOKMARK [2][-]{subsection.2.5}{\376\377\167\037\133\236\122\250\117\134\116\016\170\156\213\244\147\072\122\066}{section.2}% 10
\BOOKMARK [2][-]{subsection.2.6}{\376\377\117\123\200\262\230\204\176\246\121\134\136\225\200\375\122\233}{section.2}% 11
\BOOKMARK [1][-]{section.3}{\376\377\116\247\124\301\147\266\147\204\116\016\122\237\200\375\126\376}{}% 12
\BOOKMARK [2][-]{subsection.3.1}{\376\377\140\073\117\123\147\266\147\204}{section.3}% 13
\BOOKMARK [2][-]{subsection.3.2}{\376\377\124\016\172\357\122\006\134\102\147\266\147\204}{section.3}% 14
\BOOKMARK [2][-]{subsection.3.3}{\376\377\122\237\200\375\176\323\147\204}{section.3}% 15
\BOOKMARK [2][-]{subsection.3.4}{\376\377\116\247\124\301\140\035\176\364\133\374\126\376}{section.3}% 16
\BOOKMARK [1][-]{section.4}{\376\377\116\244\116\222\155\101\172\013}{}% 17
\BOOKMARK [2][-]{subsection.4.1}{\376\377\166\173\137\125\116\016\116\214\153\041\232\214\213\301\155\101\172\013}{section.4}% 18
\BOOKMARK [2][-]{subsection.4.2}{\376\377\147\345\213\342\174\173\133\371\213\335\155\101\172\013}{section.4}% 19
\BOOKMARK [2][-]{subsection.4.3}{\376\377\167\037\133\236\122\250\117\134\170\156\213\244\155\101\172\013}{section.4}% 20
\BOOKMARK [2][-]{subsection.4.4}{\376\377\117\123\200\262\230\204\176\246\121\134\136\225\155\101\172\013}{section.4}% 21
\BOOKMARK [1][-]{section.5}{\376\377\122\033\145\260\116\016\135\356\137\002\123\026}{}% 22
\BOOKMARK [2][-]{subsection.5.1}{\376\377\116\316\122\237\200\375\121\145\123\343\217\154\124\021\116\373\122\241\121\145\123\343}{section.5}% 23
\BOOKMARK [2][-]{subsection.5.2}{\376\377\116\345\135\345\121\167\214\003\165\050\226\115\117\116\131\047\152\041\127\213\136\173\211\311}{section.5}% 24
\BOOKMARK [2][-]{subsection.5.3}{\376\377\147\345\213\342\116\016\167\037\133\236\122\250\117\134\122\006\134\102}{section.5}% 25
\BOOKMARK [2][-]{subsection.5.4}{\376\377\200\375\122\233\166\356\137\125\220\017\146\016\123\026}{section.5}% 26
\BOOKMARK [2][-]{subsection.5.5}{\376\377\131\015\147\102\155\101\172\013\166\204\116\272\147\072\123\117\124\014\121\134\136\225}{section.5}% 27
\BOOKMARK [2][-]{subsection.5.6}{\376\377\162\354\172\313\000\040\000A\000p\000p\000\040\137\142\140\001\117\277\116\216\137\353\220\037\232\214\213\301}{section.5}% 28
\BOOKMARK [1][-]{section.6}{\376\377\152\041\127\127\116\214\134\017\176\323}{}% 29
